[INFO ] 2024-10-13 12:20:04.088 [main] ShipWayLogisticAutomation - Url is opened
[INFO ] 2024-10-13 12:20:04.370 [main] ShipWayLogisticAutomation - Login is Sucessfull
[INFO ] 2024-10-13 12:20:06.398 [main] ShipWayLogisticAutomation - Switch to next window
[INFO ] 2024-10-13 14:34:59.208 [main] ShipWayLogisticAutomation - Url is opened
[INFO ] 2024-10-13 14:34:59.508 [main] ShipWayLogisticAutomation - Login is Sucessfull
[INFO ] 2024-10-13 14:35:01.537 [main] ShipWayLogisticAutomation - Switch to next window
[INFO ] 2024-10-13 14:37:51.374 [main] ShipWayLogisticAutomation - Url is opened
[INFO ] 2024-10-13 14:37:51.624 [main] ShipWayLogisticAutomation - Login is Sucessfull
[INFO ] 2024-10-13 14:37:53.632 [main] ShipWayLogisticAutomation - Switch to next window
[INFO ] 2024-10-13 14:37:56.494 [main] ShipWayLogisticAutomation - Successfully login with valid crednitals
[INFO ] 2024-10-13 14:37:56.537 [main] ShipWayLogisticAutomation - Welcome to ShipWay is Displayed
[INFO ] 2024-10-13 14:37:56.567 [main] ShipWayLogisticAutomation - Get Started Now button is Dislpyed
[INFO ] 2024-10-13 14:38:09.556 [main] ShipWayLogisticAutomation - Url is opened
[INFO ] 2024-10-13 14:38:09.764 [main] ShipWayLogisticAutomation - Login is Sucessfull
[INFO ] 2024-10-13 14:38:11.771 [main] ShipWayLogisticAutomation - Switch to next window
[INFO ] 2024-10-13 14:38:15.096 [main] ShipWayLogisticAutomation - Successfully login with valid crednitals
[INFO ] 2024-10-13 14:38:15.138 [main] ShipWayLogisticAutomation - Welcome to ShipWay is Displayed
[INFO ] 2024-10-13 14:38:15.171 [main] ShipWayLogisticAutomation - Get Started Now button is Dislpyed
[INFO ] 2024-10-13 14:39:56.546 [main] ShipWayLogisticAutomation - Url is opened
[INFO ] 2024-10-13 14:39:57.063 [main] ShipWayLogisticAutomation - Login is Sucessfull
[INFO ] 2024-10-13 14:39:59.133 [main] ShipWayLogisticAutomation - Switch to next window
[INFO ] 2024-10-13 14:40:01.951 [main] ShipWayLogisticAutomation - Successfully login with valid crednitals
[INFO ] 2024-10-13 14:40:02.086 [main] ShipWayLogisticAutomation - Welcome to ShipWay is Displayed
[INFO ] 2024-10-13 14:40:02.170 [main] ShipWayLogisticAutomation - Get Started Now button is Dislpyed
[INFO ] 2024-10-13 14:40:55.707 [main] ShipWayLogisticAutomation - Url is opened
[INFO ] 2024-10-13 14:40:56.166 [main] ShipWayLogisticAutomation - Login is Sucessfull
[INFO ] 2024-10-13 14:40:58.190 [main] ShipWayLogisticAutomation - Switch to next window
[INFO ] 2024-10-13 14:41:00.815 [main] ShipWayLogisticAutomation - Successfully login with valid crednitals
[INFO ] 2024-10-13 14:41:00.903 [main] ShipWayLogisticAutomation - Welcome to ShipWay is Displayed
[INFO ] 2024-10-13 14:41:00.939 [main] ShipWayLogisticAutomation - Get Started Now button is Dislpyed
[INFO ] 2024-10-13 14:41:32.265 [main] ShipWayLogisticAutomation - Url is opened
[INFO ] 2024-10-13 14:41:32.681 [main] ShipWayLogisticAutomation - Login is Sucessfull
[INFO ] 2024-10-13 14:41:34.732 [main] ShipWayLogisticAutomation - Switch to next window
[INFO ] 2024-10-13 14:41:37.721 [main] ShipWayLogisticAutomation - Successfully login with valid crednitals
[INFO ] 2024-10-13 14:41:37.884 [main] ShipWayLogisticAutomation - Welcome to ShipWay is Displayed
[INFO ] 2024-10-13 14:41:37.948 [main] ShipWayLogisticAutomation - Get Started Now button is Dislpyed
[INFO ] 2024-10-13 14:42:09.010 [main] ShipWayLogisticAutomation - Url is opened
[INFO ] 2024-10-13 14:42:09.683 [main] ShipWayLogisticAutomation - Login is Sucessfull
[INFO ] 2024-10-13 14:42:11.740 [main] ShipWayLogisticAutomation - Switch to next window
[INFO ] 2024-10-13 14:42:15.160 [main] ShipWayLogisticAutomation - Successfully login with valid crednitals
[INFO ] 2024-10-13 14:42:15.297 [main] ShipWayLogisticAutomation - Welcome to ShipWay is Displayed
[INFO ] 2024-10-13 14:42:15.410 [main] ShipWayLogisticAutomation - Get Started Now button is Dislpyed
[INFO ] 2024-10-13 14:47:17.074 [main] ShipWayLogisticAutomation - Url is opened
[INFO ] 2024-10-13 14:47:17.564 [main] ShipWayLogisticAutomation - Login is Sucessfull
[INFO ] 2024-10-13 14:47:19.611 [main] ShipWayLogisticAutomation - Switch to next window
[INFO ] 2024-10-13 14:47:22.311 [main] ShipWayLogisticAutomation - Successfully login with valid crednitals
[INFO ] 2024-10-13 14:47:22.373 [main] ShipWayLogisticAutomation - Welcome to ShipWay is Displayed
[INFO ] 2024-10-13 14:47:22.418 [main] ShipWayLogisticAutomation - Get Started Now button is Dislpyed
[INFO ] 2024-10-13 17:29:17.343 [main] ShipWayLogisticAutomation - Url is opened
[INFO ] 2024-10-13 17:29:17.717 [main] ShipWayLogisticAutomation - Login is Sucessfull
[INFO ] 2024-10-13 17:29:19.741 [main] ShipWayLogisticAutomation - Switch to next window
[INFO ] 2024-10-13 17:29:20.907 [main] ShipWayLogisticAutomation - Successfully login with valid crednitals
[INFO ] 2024-10-13 17:30:16.507 [main] ShipWayLogisticAutomation - Url is opened
[INFO ] 2024-10-13 17:30:17.432 [main] ShipWayLogisticAutomation - Login is Sucessfull
[INFO ] 2024-10-13 17:30:19.461 [main] ShipWayLogisticAutomation - Switch to next window
[INFO ] 2024-10-13 17:30:21.913 [main] ShipWayLogisticAutomation - Successfully login with valid crednitals
[INFO ] 2024-10-13 17:30:21.949 [main] ShipWayLogisticAutomation - Welcome to ShipWay is Displayed
[INFO ] 2024-10-13 17:30:21.978 [main] ShipWayLogisticAutomation - Get Started Now button is Dislpyed
[INFO ] 2024-10-13 17:34:42.486 [main] ShipWayLogisticAutomation - Url is opened
[INFO ] 2024-10-13 17:34:42.827 [main] ShipWayLogisticAutomation - Login is Sucessfull
[INFO ] 2024-10-13 17:34:44.845 [main] ShipWayLogisticAutomation - Switch to next window
[INFO ] 2024-10-13 17:34:47.154 [main] ShipWayLogisticAutomation - Successfully login with valid crednitals
[INFO ] 2024-10-13 17:34:47.183 [main] ShipWayLogisticAutomation - Welcome to ShipWay is Displayed
[INFO ] 2024-10-13 17:34:47.201 [main] ShipWayLogisticAutomation - Get Started Now button is Dislpyed
[INFO ] 2024-10-13 18:50:59.282 [main] ShipWayLogisticAutomation - Url is opened
[INFO ] 2024-10-13 18:50:59.689 [main] ShipWayLogisticAutomation - Login is Sucessfull
[INFO ] 2024-10-13 18:51:01.719 [main] ShipWayLogisticAutomation - Switch to next window
[INFO ] 2024-10-13 18:51:04.716 [main] ShipWayLogisticAutomation - Successfully login with valid crednitals
[INFO ] 2024-10-13 18:51:04.765 [main] ShipWayLogisticAutomation - Welcome to ShipWay is Displayed
[INFO ] 2024-10-13 18:51:04.808 [main] ShipWayLogisticAutomation - Get Started Now button is Dislpyed
[INFO ] 2024-10-13 18:57:52.032 [main] ShipWayLogisticAutomation - Url is opened
[INFO ] 2024-10-13 18:57:52.402 [main] ShipWayLogisticAutomation - Login is Sucessfull
[INFO ] 2024-10-13 18:57:54.431 [main] ShipWayLogisticAutomation - Switch to next window
[INFO ] 2024-10-13 18:57:54.438 [main] ShipWayLogisticAutomation - Assertion passed
[INFO ] 2024-10-13 18:57:57.012 [main] ShipWayLogisticAutomation - Successfully login with valid crednitals
[INFO ] 2024-10-13 18:58:06.402 [main] ShipWayLogisticAutomation - Url is opened
[INFO ] 2024-10-13 18:58:06.826 [main] ShipWayLogisticAutomation - Login is Sucessfull
[INFO ] 2024-10-13 18:58:08.852 [main] ShipWayLogisticAutomation - Switch to next window
[INFO ] 2024-10-13 18:58:10.760 [main] ShipWayLogisticAutomation - Successfully login with valid crednitals
[INFO ] 2024-10-13 18:58:10.801 [main] ShipWayLogisticAutomation - Welcome to ShipWay is Displayed
[INFO ] 2024-10-13 18:58:10.829 [main] ShipWayLogisticAutomation - Get Started Now button is Dislpyed
[INFO ] 2024-10-13 18:59:43.857 [main] ShipWayLogisticAutomation - Url is opened
[INFO ] 2024-10-13 18:59:44.305 [main] ShipWayLogisticAutomation - Login is Sucessfull
[INFO ] 2024-10-13 18:59:46.335 [main] ShipWayLogisticAutomation - Switch to next window
[INFO ] 2024-10-13 18:59:46.342 [main] ShipWayLogisticAutomation - Assertion passed
[INFO ] 2024-10-13 18:59:48.372 [main] ShipWayLogisticAutomation - Successfully login with valid crednitals
[INFO ] 2024-10-13 18:59:57.227 [main] ShipWayLogisticAutomation - Url is opened
[INFO ] 2024-10-13 18:59:57.690 [main] ShipWayLogisticAutomation - Login is Sucessfull
[INFO ] 2024-10-13 18:59:59.715 [main] ShipWayLogisticAutomation - Switch to next window
[INFO ] 2024-10-13 19:00:01.815 [main] ShipWayLogisticAutomation - Successfully login with valid crednitals
[INFO ] 2024-10-13 19:00:01.848 [main] ShipWayLogisticAutomation - Welcome to ShipWay is Displayed
[INFO ] 2024-10-13 19:00:01.869 [main] ShipWayLogisticAutomation - Get Started Now button is Dislpyed
[INFO ] 2024-10-13 19:00:10.691 [main] ShipWayLogisticAutomation - url opened
[INFO ] 2024-10-13 19:00:10.745 [main] ShipWayLogisticAutomation - Login button is displayed in the page
[INFO ] 2024-10-13 19:00:12.736 [main] ShipWayLogisticAutomation - url opened
[INFO ] 2024-10-13 19:02:48.248 [main] ShipWayLogisticAutomation - Url is opened
[INFO ] 2024-10-13 19:02:49.160 [main] ShipWayLogisticAutomation - Login is Sucessfull
[INFO ] 2024-10-13 19:02:51.190 [main] ShipWayLogisticAutomation - Switch to next window
[INFO ] 2024-10-13 19:02:51.196 [main] ShipWayLogisticAutomation - Assertion passed
[INFO ] 2024-10-13 19:02:53.583 [main] ShipWayLogisticAutomation - Successfully login with valid crednitals
[INFO ] 2024-10-13 19:03:03.387 [main] ShipWayLogisticAutomation - Url is opened
[INFO ] 2024-10-13 19:03:03.762 [main] ShipWayLogisticAutomation - Login is Sucessfull
[INFO ] 2024-10-13 19:03:05.775 [main] ShipWayLogisticAutomation - Switch to next window
[INFO ] 2024-10-13 19:03:07.814 [main] ShipWayLogisticAutomation - Successfully login with valid crednitals
[INFO ] 2024-10-13 19:03:07.853 [main] ShipWayLogisticAutomation - Welcome to ShipWay is Displayed
[INFO ] 2024-10-13 19:03:07.873 [main] ShipWayLogisticAutomation - Get Started Now button is Dislpyed
[INFO ] 2024-10-13 19:03:16.830 [main] ShipWayLogisticAutomation - url opened
[INFO ] 2024-10-13 19:03:16.903 [main] ShipWayLogisticAutomation - Login button is displayed in the page
[INFO ] 2024-10-13 19:03:18.968 [main] ShipWayLogisticAutomation - url opened
[INFO ] 2024-10-13 19:05:02.741 [main] ShipWayLogisticAutomation - Url is opened
[INFO ] 2024-10-13 19:05:03.357 [main] ShipWayLogisticAutomation - Login is Sucessfull
[INFO ] 2024-10-13 19:05:05.372 [main] ShipWayLogisticAutomation - Switch to next window
[INFO ] 2024-10-13 19:05:05.377 [main] ShipWayLogisticAutomation - Assertion passed
[INFO ] 2024-10-13 19:05:07.526 [main] ShipWayLogisticAutomation - Successfully login with valid crednitals
[INFO ] 2024-10-13 19:05:16.696 [main] ShipWayLogisticAutomation - Url is opened
[INFO ] 2024-10-13 19:05:17.037 [main] ShipWayLogisticAutomation - Login is Sucessfull
[INFO ] 2024-10-13 19:05:19.064 [main] ShipWayLogisticAutomation - Switch to next window
[INFO ] 2024-10-13 19:05:21.079 [main] ShipWayLogisticAutomation - Successfully login with valid crednitals
[INFO ] 2024-10-13 19:05:21.116 [main] ShipWayLogisticAutomation - Welcome to ShipWay is Displayed
[INFO ] 2024-10-13 19:05:21.143 [main] ShipWayLogisticAutomation - Get Started Now button is Dislpyed
[INFO ] 2024-10-13 19:05:30.625 [main] ShipWayLogisticAutomation - url opened
[INFO ] 2024-10-13 19:05:30.672 [main] ShipWayLogisticAutomation - Login button is displayed in the page
[INFO ] 2024-10-13 19:05:32.670 [main] ShipWayLogisticAutomation - url opened
[INFO ] 2024-10-13 19:26:31.091 [main] ShipWayLogisticAutomation - Url is opened
[INFO ] 2024-10-13 19:26:31.496 [main] ShipWayLogisticAutomation - Login is Sucessfull
[INFO ] 2024-10-13 19:26:33.522 [main] ShipWayLogisticAutomation - Switch to next window
[INFO ] 2024-10-13 19:26:33.528 [main] ShipWayLogisticAutomation - Assertion passed
[INFO ] 2024-10-13 19:26:35.633 [main] ShipWayLogisticAutomation - Successfully login with valid crednitals
[INFO ] 2024-10-13 19:26:46.233 [main] ShipWayLogisticAutomation - Url is opened
[INFO ] 2024-10-13 19:26:46.644 [main] ShipWayLogisticAutomation - Login is Sucessfull
[INFO ] 2024-10-13 19:26:48.703 [main] ShipWayLogisticAutomation - Switch to next window
[INFO ] 2024-10-13 19:26:51.672 [main] ShipWayLogisticAutomation - Successfully login with valid crednitals
[INFO ] 2024-10-13 19:26:51.749 [main] ShipWayLogisticAutomation - Welcome to ShipWay is Displayed
[INFO ] 2024-10-13 19:26:51.786 [main] ShipWayLogisticAutomation - Get Started Now button is Dislpyed
[INFO ] 2024-10-13 19:27:04.412 [main] ShipWayLogisticAutomation - url opened
[INFO ] 2024-10-13 19:27:04.494 [main] ShipWayLogisticAutomation - Login button is displayed in the page
[INFO ] 2024-10-13 19:27:06.615 [main] ShipWayLogisticAutomation - url opened
[INFO ] 2024-10-13 19:34:30.002 [main] ShipWayLogisticAutomation - Url is opened
[INFO ] 2024-10-13 19:34:30.526 [main] ShipWayLogisticAutomation - Login is Sucessfull
[INFO ] 2024-10-13 19:34:32.581 [main] ShipWayLogisticAutomation - Switch to next window
[INFO ] 2024-10-13 19:34:32.606 [main] ShipWayLogisticAutomation - Assertion passed
[INFO ] 2024-10-13 19:34:35.256 [main] ShipWayLogisticAutomation - Successfully login with valid crednitals
[INFO ] 2024-10-13 19:34:48.660 [main] ShipWayLogisticAutomation - Url is opened
[INFO ] 2024-10-13 19:34:49.153 [main] ShipWayLogisticAutomation - Login is Sucessfull
[INFO ] 2024-10-13 19:34:51.183 [main] ShipWayLogisticAutomation - Switch to next window
[INFO ] 2024-10-13 19:34:53.647 [main] ShipWayLogisticAutomation - Successfully login with valid crednitals
[INFO ] 2024-10-13 19:34:53.718 [main] ShipWayLogisticAutomation - Welcome to ShipWay is Displayed
[INFO ] 2024-10-13 19:34:53.783 [main] ShipWayLogisticAutomation - Get Started Now button is Dislpyed
[INFO ] 2024-10-13 19:35:07.292 [main] ShipWayLogisticAutomation - url opened
[INFO ] 2024-10-13 19:35:07.390 [main] ShipWayLogisticAutomation - Login button is displayed in the page
[INFO ] 2024-10-13 19:35:10.122 [main] ShipWayLogisticAutomation - url opened
[INFO ] 2024-10-13 19:48:47.322 [main] ShipWayLogisticAutomation - Url is opened
[INFO ] 2024-10-13 19:48:47.939 [main] ShipWayLogisticAutomation - Login is Sucessfull
[INFO ] 2024-10-13 19:48:50.012 [main] ShipWayLogisticAutomation - Switch to next window
[INFO ] 2024-10-13 19:48:50.041 [main] ShipWayLogisticAutomation - Assertion passed
[INFO ] 2024-10-13 19:48:52.732 [main] ShipWayLogisticAutomation - Successfully login with valid crednitals
[INFO ] 2024-10-13 19:49:04.743 [main] ShipWayLogisticAutomation - Url is opened
[INFO ] 2024-10-13 19:49:05.187 [main] ShipWayLogisticAutomation - Login is Sucessfull
[INFO ] 2024-10-13 19:49:07.243 [main] ShipWayLogisticAutomation - Switch to next window
[INFO ] 2024-10-13 19:49:09.784 [main] ShipWayLogisticAutomation - Successfully login with valid crednitals
[INFO ] 2024-10-13 19:49:09.900 [main] ShipWayLogisticAutomation - Welcome to ShipWay is Displayed
[INFO ] 2024-10-13 19:49:09.948 [main] ShipWayLogisticAutomation - Get Started Now button is Dislpyed
[INFO ] 2024-10-13 19:49:22.838 [main] ShipWayLogisticAutomation - url opened
[INFO ] 2024-10-13 19:49:22.938 [main] ShipWayLogisticAutomation - Login button is displayed in the page
[INFO ] 2024-10-13 19:49:25.183 [main] ShipWayLogisticAutomation - url opened
[INFO ] 2024-10-13 20:07:49.111 [main] ShipWayLogisticAutomation - Url is opened
[INFO ] 2024-10-13 20:07:49.619 [main] ShipWayLogisticAutomation - Login is Sucessfull
[INFO ] 2024-10-13 20:07:51.681 [main] ShipWayLogisticAutomation - Switch to next window
[INFO ] 2024-10-13 20:07:51.704 [main] ShipWayLogisticAutomation - Assertion passed
[INFO ] 2024-10-13 20:07:54.820 [main] ShipWayLogisticAutomation - Successfully login with valid crednitals
[INFO ] 2024-10-13 20:08:07.662 [main] ShipWayLogisticAutomation - Url is opened
[INFO ] 2024-10-13 20:08:08.104 [main] ShipWayLogisticAutomation - Login is Sucessfull
[INFO ] 2024-10-13 20:08:10.164 [main] ShipWayLogisticAutomation - Switch to next window
[INFO ] 2024-10-13 20:08:12.711 [main] ShipWayLogisticAutomation - Successfully login with valid crednitals
[INFO ] 2024-10-13 20:08:12.758 [main] ShipWayLogisticAutomation - Welcome to ShipWay is Displayed
[INFO ] 2024-10-13 20:08:12.793 [main] ShipWayLogisticAutomation - Get Started Now button is Dislpyed
[INFO ] 2024-10-13 20:08:25.223 [main] ShipWayLogisticAutomation - url opened
[INFO ] 2024-10-13 20:08:25.291 [main] ShipWayLogisticAutomation - Login button is displayed in the page
[INFO ] 2024-10-13 20:08:28.102 [main] ShipWayLogisticAutomation - url opened
[INFO ] 2024-10-13 20:08:46.317 [main] ShipWayLogisticAutomation - Url is opened
[INFO ] 2024-10-13 20:08:46.974 [main] ShipWayLogisticAutomation - Login is Sucessfull
[INFO ] 2024-10-13 20:08:49.034 [main] ShipWayLogisticAutomation - Switch to next window
[INFO ] 2024-10-13 20:08:49.056 [main] ShipWayLogisticAutomation - Assertion passed
[INFO ] 2024-10-13 20:08:51.246 [main] ShipWayLogisticAutomation - Successfully login with valid crednitals
[INFO ] 2024-10-13 20:09:05.550 [main] ShipWayLogisticAutomation - Url is opened
[INFO ] 2024-10-13 20:09:05.961 [main] ShipWayLogisticAutomation - Login is Sucessfull
[INFO ] 2024-10-13 20:09:08.010 [main] ShipWayLogisticAutomation - Switch to next window
[INFO ] 2024-10-13 20:09:10.279 [main] ShipWayLogisticAutomation - Successfully login with valid crednitals
[INFO ] 2024-10-13 20:09:10.394 [main] ShipWayLogisticAutomation - Welcome to ShipWay is Displayed
[INFO ] 2024-10-13 20:09:10.448 [main] ShipWayLogisticAutomation - Get Started Now button is Dislpyed
[INFO ] 2024-10-13 20:09:22.225 [main] ShipWayLogisticAutomation - url opened
